<?xml version="1.0" encoding="UTF-8"?>
<!-- Generated by org.testng.reporters.JUnitXMLReporter -->
<testsuite ignored="0" hostname="Yugesh" failures="0" tests="4" name="Test" time="77.161" errors="0" timestamp="2024-11-06T08:47:58 IST">
  <testcase classname="Cars.RangeRoverTest" name="launched" time="47.998"/>
  <testcase classname="Cars.FerrariTest" name="launched" time="69.395"/>
  <testcase classname="Cars.LamborghiniTest" name="launched" time="74.914"/>
  <testcase classname="Cars.MiniCooperTest" name="launched" time="77.062"/>
</testsuite> <!-- Test -->
