<?xml version="1.0" encoding="UTF-8"?>
<testng-results ignored="0" total="1" passed="1" failed="0" skipped="0">
  <reporter-output>
  </reporter-output>
  <suite started-at="2024-11-06T09:52:17 IST" name="Surefire suite" finished-at="2024-11-06T09:52:32 IST" duration-ms="15362">
    <groups>
    </groups>
    <test started-at="2024-11-06T09:52:17 IST" name="Surefire test" finished-at="2024-11-06T09:52:32 IST" duration-ms="15362">
      <class name="Demo.MavenParameterTest">
        <test-method signature="launch()[pri:0, instance:Demo.MavenParameterTest@1e730495]" started-at="2024-11-06T09:52:17 IST" name="launch" finished-at="2024-11-06T09:52:32 IST" duration-ms="15207" status="PASS">
          <reporter-output>
          </reporter-output>
        </test-method> <!-- launch -->
      </class> <!-- Demo.MavenParameterTest -->
    </test> <!-- Surefire test -->
  </suite> <!-- Surefire suite -->
</testng-results>
