<?xml version="1.0" encoding="UTF-8"?>
<testng-results ignored="0" total="1" passed="1" failed="0" skipped="0">
  <reporter-output>
  </reporter-output>
  <suite started-at="2024-11-07T09:53:37 IST" name="Default suite" finished-at="2024-11-07T09:53:57 IST" duration-ms="19699">
    <groups>
    </groups>
    <test started-at="2024-11-07T09:53:37 IST" name="Default test" finished-at="2024-11-07T09:53:57 IST" duration-ms="19699">
      <class name="ExtentReport.ToLearnAttachScreenShotInToReport">
        <test-method signature="screenShot()[pri:0, instance:ExtentReport.ToLearnAttachScreenShotInToReport@60bd273d]" started-at="2024-11-07T09:53:37 IST" name="screenShot" finished-at="2024-11-07T09:53:57 IST" duration-ms="19610" status="PASS">
          <reporter-output>
          </reporter-output>
        </test-method> <!-- screenShot -->
      </class> <!-- ExtentReport.ToLearnAttachScreenShotInToReport -->
    </test> <!-- Default test -->
  </suite> <!-- Default suite -->
</testng-results>
